[15:52:44] [main/WARN]: Ambiguity between arguments [teleport, destination] and [teleport, targets] with inputs: [Player, 0123, @e, dd12be42-52a9-4a91-a8a1-11c01849e498]
[15:52:44] [main/WARN]: Ambiguity between arguments [teleport, location] and [teleport, destination] with inputs: [0.1 -0.5 .9, 0 0 0]
[15:52:44] [main/WARN]: Ambiguity between arguments [teleport, location] and [teleport, targets] with inputs: [0.1 -0.5 .9, 0 0 0]
[15:52:44] [main/WARN]: Ambiguity between arguments [teleport, targets] and [teleport, destination] with inputs: [Player, 0123, dd12be42-52a9-4a91-a8a1-11c01849e498]
[15:52:44] [main/WARN]: Ambiguity between arguments [teleport, targets, location] and [teleport, targets, destination] with inputs: [0.1 -0.5 .9, 0 0 0]
[15:52:44] [Server thread/INFO]: Starting minecraft server version 1.14.4
[15:52:44] [Server thread/INFO]: Loading properties
[15:52:44] [Server thread/INFO]: Default game type: SURVIVAL
[15:52:44] [Server thread/INFO]: Generating keypair
[15:52:44] [Server thread/INFO]: Starting Minecraft server on *:25565
[15:52:44] [Server thread/INFO]: Using epoll channel type
[15:52:44] [Server thread/WARN]: **** SERVER IS RUNNING IN OFFLINE/INSECURE MODE!
[15:52:44] [Server thread/WARN]: The server will make no attempt to authenticate usernames. Beware.
[15:52:44] [Server thread/WARN]: While this makes the game possible to play without internet access, it also opens up the ability for hackers to connect with any username they choose.
[15:52:44] [Server thread/WARN]: To change this, set "online-mode" to "true" in the server.properties file.
[15:52:44] [Server thread/INFO]: Preparing level "world"
[15:52:44] [Server thread/INFO]: Found new data pack vanilla, loading it automatically
[15:52:44] [Server thread/INFO]: Reloading ResourceManager: Default
[15:52:46] [Server thread/INFO]: Loaded 6 recipes
[15:52:46] [Server thread/INFO]: Loaded 811 advancements
[15:53:13] [Server thread/INFO]: Preparing start region for dimension minecraft:overworld
[15:53:13] [Server-Worker-1/INFO]: Preparing spawn area: 0%
[15:53:14] [Server-Worker-1/INFO]: Preparing spawn area: 0%
[15:53:14] [Server-Worker-1/INFO]: Preparing spawn area: 0%
[15:53:15] [Server-Worker-1/INFO]: Preparing spawn area: 0%
[15:53:15] [Server-Worker-1/INFO]: Preparing spawn area: 0%
[15:53:16] [Server-Worker-1/INFO]: Preparing spawn area: 0%
[15:53:16] [Server-Worker-1/INFO]: Preparing spawn area: 1%
[15:53:17] [Server-Worker-1/INFO]: Preparing spawn area: 2%
[15:53:17] [Server-Worker-1/INFO]: Preparing spawn area: 3%
[15:53:18] [Server-Worker-1/INFO]: Preparing spawn area: 5%
[15:53:18] [Server-Worker-1/INFO]: Preparing spawn area: 6%
[15:53:19] [Server-Worker-1/INFO]: Preparing spawn area: 7%
[15:53:19] [Server-Worker-1/INFO]: Preparing spawn area: 9%
[15:53:20] [Server-Worker-1/INFO]: Preparing spawn area: 11%
[15:53:20] [Server-Worker-1/INFO]: Preparing spawn area: 12%
[15:53:21] [Server-Worker-1/INFO]: Preparing spawn area: 14%
[15:53:21] [Server-Worker-1/INFO]: Preparing spawn area: 16%
[15:53:22] [Server-Worker-1/INFO]: Preparing spawn area: 17%
[15:53:22] [Server-Worker-1/INFO]: Preparing spawn area: 21%
[15:53:23] [Server-Worker-1/INFO]: Preparing spawn area: 22%
[15:53:23] [Server-Worker-1/INFO]: Preparing spawn area: 23%
[15:53:24] [Server-Worker-1/INFO]: Preparing spawn area: 24%
[15:53:24] [Server-Worker-1/INFO]: Preparing spawn area: 26%
[15:53:25] [Server-Worker-1/INFO]: Preparing spawn area: 29%
[15:53:25] [Server-Worker-1/INFO]: Preparing spawn area: 31%
[15:53:26] [Server-Worker-1/INFO]: Preparing spawn area: 33%
[15:53:26] [Server-Worker-1/INFO]: Preparing spawn area: 36%
[15:53:27] [Server-Worker-1/INFO]: Preparing spawn area: 37%
[15:53:27] [Server-Worker-1/INFO]: Preparing spawn area: 40%
[15:53:28] [Server-Worker-1/INFO]: Preparing spawn area: 42%
[15:53:28] [Server-Worker-1/INFO]: Preparing spawn area: 44%
[15:53:29] [Server-Worker-1/INFO]: Preparing spawn area: 48%
[15:53:29] [Server-Worker-1/INFO]: Preparing spawn area: 51%
[15:53:30] [Server-Worker-1/INFO]: Preparing spawn area: 53%
[15:53:30] [Server-Worker-1/INFO]: Preparing spawn area: 55%
[15:53:31] [Server-Worker-1/INFO]: Preparing spawn area: 56%
[15:53:31] [Server-Worker-1/INFO]: Preparing spawn area: 58%
[15:53:32] [Server-Worker-1/INFO]: Preparing spawn area: 59%
[15:53:32] [Server-Worker-1/INFO]: Preparing spawn area: 63%
[15:53:33] [Server-Worker-1/INFO]: Preparing spawn area: 66%
[15:53:33] [Server-Worker-1/INFO]: Preparing spawn area: 68%
[15:53:34] [Server-Worker-1/INFO]: Preparing spawn area: 71%
[15:53:34] [Server-Worker-1/INFO]: Preparing spawn area: 74%
[15:53:35] [Server-Worker-1/INFO]: Preparing spawn area: 77%
[15:53:35] [Server-Worker-1/INFO]: Preparing spawn area: 79%
[15:53:36] [Server-Worker-1/INFO]: Preparing spawn area: 81%
[15:53:36] [Server-Worker-1/INFO]: Preparing spawn area: 84%
[15:53:37] [Server-Worker-1/INFO]: Preparing spawn area: 86%
[15:53:37] [Server-Worker-1/INFO]: Preparing spawn area: 89%
[15:53:38] [Server-Worker-1/INFO]: Preparing spawn area: 91%
[15:53:38] [Server-Worker-1/INFO]: Preparing spawn area: 94%
[15:53:39] [Server-Worker-1/INFO]: Preparing spawn area: 98%
[15:53:39] [Server thread/INFO]: Time elapsed: 25755 ms
[15:53:39] [Server thread/INFO]: Done (54.465s)! For help, type "help"
[15:53:39] [Server thread/INFO]: Unknown command
[15:53:39] [Server thread/INFO]: op<--[HERE]
[16:00:45] [Server thread/INFO]: /advancement (grant|revoke)
[16:00:45] [Server thread/INFO]: /ban <targets> [<reason>]
[16:00:45] [Server thread/INFO]: /ban-ip <target> [<reason>]
[16:00:45] [Server thread/INFO]: /banlist [ips|players]
[16:00:45] [Server thread/INFO]: /bossbar (add|get|list|remove|set)
[16:00:45] [Server thread/INFO]: /clear [<targets>]
[16:00:45] [Server thread/INFO]: /clone <begin> <end> <destination> [filtered|masked|replace]
[16:00:45] [Server thread/INFO]: /data (get|merge|modify|remove)
[16:00:45] [Server thread/INFO]: /datapack (disable|enable|list)
[16:00:45] [Server thread/INFO]: /debug (report|start|stop)
[16:00:45] [Server thread/INFO]: /defaultgamemode (adventure|creative|spectator|survival)
[16:00:45] [Server thread/INFO]: /deop <targets>
[16:00:45] [Server thread/INFO]: /difficulty [easy|hard|normal|peaceful]
[16:00:45] [Server thread/INFO]: /effect (clear|give)
[16:00:45] [Server thread/INFO]: /enchant <targets> <enchantment> [<level>]
[16:00:45] [Server thread/INFO]: /execute (align|anchored|as|at|facing|if|in|positioned|rotated|run|store|unless)
[16:00:45] [Server thread/INFO]: /experience (add|query|set)
[16:00:45] [Server thread/INFO]: /fill <from> <to> <block> [destroy|hollow|keep|outline|replace]
[16:00:45] [Server thread/INFO]: /forceload (add|query|remove)
[16:00:45] [Server thread/INFO]: /function <name>
[16:00:45] [Server thread/INFO]: /gamemode (adventure|creative|spectator|survival)
[16:00:45] [Server thread/INFO]: /gamerule (announceAdvancements|commandBlockOutput|disableElytraMovementCheck|disableRaids|doDaylightCycle|doEntityDrops|doFireTick|doLimitedCrafting|doMobLoot|doMobSpawning|doTileDrops|doWeatherCycle|keepInventory|logAdminCommands|maxCommandChainLength|maxEntityCramming|mobGriefing|naturalRegeneration|randomTickSpeed|reducedDebugInfo|sendCommandFeedback|showDeathMessages|spawnRadius|spectatorsGenerateChunks)
[16:00:45] [Server thread/INFO]: /give <targets> <item> [<count>]
[16:00:45] [Server thread/INFO]: /help [<command>]
[16:00:45] [Server thread/INFO]: /kick <targets> [<reason>]
[16:00:45] [Server thread/INFO]: /kill <targets>
[16:00:45] [Server thread/INFO]: /list [uuids]
[16:00:45] [Server thread/INFO]: /locate (Buried_Treasure|Desert_Pyramid|EndCity|Fortress|Igloo|Jungle_Pyramid|Mansion|Mineshaft|Monument|Ocean_Ruin|Pillager_Outpost|Shipwreck|Stronghold|Swamp_Hut|Village)
[16:00:45] [Server thread/INFO]: /loot (give|insert|replace|spawn)
[16:00:45] [Server thread/INFO]: /me <action>
[16:00:45] [Server thread/INFO]: /msg <targets> <message>
[16:00:45] [Server thread/INFO]: /op <targets>
[16:00:45] [Server thread/INFO]: /pardon <targets>
[16:00:45] [Server thread/INFO]: /pardon-ip <target>
[16:00:45] [Server thread/INFO]: /particle <name> [<pos>]
[16:00:45] [Server thread/INFO]: /playsound <sound> (ambient|block|hostile|master|music|neutral|player|record|voice|weather)
[16:00:45] [Server thread/INFO]: /recipe (give|take)
[16:00:45] [Server thread/INFO]: /reload
[16:00:45] [Server thread/INFO]: /replaceitem (block|entity)
[16:00:45] [Server thread/INFO]: /save-all [flush]
[16:00:45] [Server thread/INFO]: /save-off
[16:00:45] [Server thread/INFO]: /save-on
[16:00:45] [Server thread/INFO]: /say <message>
[16:00:45] [Server thread/INFO]: /schedule function <function> <time>
[16:00:45] [Server thread/INFO]: /scoreboard (objectives|players)
[16:00:45] [Server thread/INFO]: /seed
[16:00:45] [Server thread/INFO]: /setblock <pos> <block> [destroy|keep|replace]
[16:00:45] [Server thread/INFO]: /setidletimeout <minutes>
[16:00:45] [Server thread/INFO]: /setworldspawn [<pos>]
[16:00:45] [Server thread/INFO]: /spawnpoint [<targets>]
[16:00:45] [Server thread/INFO]: /spreadplayers <center> <spreadDistance> <maxRange> <respectTeams> <targets>
[16:00:45] [Server thread/INFO]: /stop
[16:00:45] [Server thread/INFO]: /stopsound <targets> [*|ambient|block|hostile|master|music|neutral|player|record|voice|weather]
[16:00:45] [Server thread/INFO]: /summon <entity> [<pos>]
[16:00:45] [Server thread/INFO]: /tag <targets> (add|list|remove)
[16:00:45] [Server thread/INFO]: /team (add|empty|join|leave|list|modify|remove)
[16:00:45] [Server thread/INFO]: /teammsg <message>
[16:00:45] [Server thread/INFO]: /teleport (<destination>|<location>|<targets>)
[16:00:45] [Server thread/INFO]: /tell -> msg
[16:00:45] [Server thread/INFO]: /tellraw <targets> <message>
[16:00:45] [Server thread/INFO]: /time (add|query|set)
[16:00:45] [Server thread/INFO]: /title <targets> (actionbar|clear|reset|subtitle|times|title)
[16:00:45] [Server thread/INFO]: /tm -> teammsg
[16:00:45] [Server thread/INFO]: /tp -> teleport
[16:00:45] [Server thread/INFO]: /trigger <objective> [add|set]
[16:00:45] [Server thread/INFO]: /w -> msg
[16:00:45] [Server thread/INFO]: /weather (clear|rain|thunder)
[16:00:45] [Server thread/INFO]: /whitelist (add|list|off|on|reload|remove)
[16:00:45] [Server thread/INFO]: /worldborder (add|center|damage|get|set|warning)
[16:00:45] [Server thread/INFO]: /xp -> experience
[16:00:56] [Server thread/INFO]: Stopping server
[16:00:56] [Server thread/INFO]: Saving players
[16:00:56] [Server thread/INFO]: Saving worlds
[16:00:56] [Server thread/INFO]: Saving chunks for level 'world'/minecraft:the_nether
